Arguments: 
  C:\Program Files\nodejs\node.exe C:\Users\guima\AppData\Roaming\npm\node_modules\yarn\bin\yarn.js test --listTests --json --watchAll=false

PATH: 
  C:\Python312\Scripts\;C:\Python312\;C:\Python311\Scripts\;C:\Python311\;C:\Windows\system32;C:\Windows;C:\Windows\System32\Wbem;C:\Windows\System32\WindowsPowerShell\v1.0\;C:\Windows\System32\OpenSSH\;C:\Program Files\dotnet\;C:\Program Files\NVIDIA Corporation\NVIDIA NvDLISR;C:\Program Files (x86)\NVIDIA Corporation\PhysX\Common;C:\ProgramData\chocolatey\bin;C:\Users\guima\AppData\Roaming\nvm;C:\Program Files\nodejs;C:\Program Files\Amazon\AWSCLIV2\;C:\Program Files\Go\bin;C:\Program Files (x86)\Windows Kits\10\Windows Performance Toolkit\;C:\Program Files\Git\cmd;C:\Program Files\nodejs\;C:\Program Files\Docker\Docker\resources\bin;C:\Program Files\PowerShell\7\;C:\Users\guima\.cargo\bin;C:\Users\guima\AppData\Local\Microsoft\WindowsApps;C:\Users\guima\AppData\Local\Programs\Microsoft VS Code\bin;C:\Java\jdk-19.0.1\bin;C:\Program Files\JetBrains\IntelliJ IDEA Community Edition 2022.2.3\bin;C:\Java\gradle-7.5.1\bin;C:\Java\apache-maven-3.8.6\bin;C:\Users\guima\AppData\Roaming\nvm;C:\Program Files\nodejs;C:\terraform;C:\Program Files\JetBrains\IntelliJ IDEA 2023.2.5\bin;C:\Program Files\JetBrains\PyCharm 2023.2.5\bin;C:\Program Files\JetBrains\GoLand 2023.2.5\bin;C:\Users\guima\go\bin;C:\Users\guima\AppData\Local\Microsoft\WinGet\Links;C:\Users\guima\.bun\bin;C:\Users\guima\AppData\Local\JetBrains\Toolbox\scripts;C:\Users\guima\dev\flutter\bin;C:\Users\guima\AppData\Local\Android\Sdk\platform-tools;C:\Users\guima\AppData\Local\Android\Sdk\tools;C:\Users\guima\.dotnet\tools;C:\Users\guima\AppData\Roaming\npm;C:\Program Files\PostgreSQL\16\bin;

Yarn version: 
  1.22.19

Node version: 
  20.13.1

Platform: 
  win32 x64

Trace: 
  SyntaxError: C:\Users\guima\projects\learn\clone-tabnews\package.json: Expected double-quoted property name in JSON at position 1632
      at JSON.parse (<anonymous>)
      at C:\Users\guima\AppData\Roaming\npm\node_modules\yarn\lib\cli.js:1629:59
      at Generator.next (<anonymous>)
      at step (C:\Users\guima\AppData\Roaming\npm\node_modules\yarn\lib\cli.js:310:30)
      at C:\Users\guima\AppData\Roaming\npm\node_modules\yarn\lib\cli.js:321:13

npm manifest: 
  {
    "name": "clone-tabnews",
    "version": "1.0.0",
    "description": "Implementação do https://www.tabnews.com.br/ para o https://curso.dev/",
    "main": "index.js",
    "scripts": {
      "dev": "npm run services:up && npm run wait-for-postgres && npm run migration:up && next dev",
      "services:up": "docker compose --file infra/compose.yml up -d",
      "services:stop": "docker compose --file infra/compose.yml stop",
      "services:down": "docker compose --file infra/compose.yml down",
      "lint:prettier:check": "prettier --check .",
      "lint:prettier:fix": "prettier --write .",
      "lint:eslint:check": "next lint --dir .",
      "test": "npm run services:up && concurrently -n next,jest --hide next -k -s command-jest \"next dev\" \"jest --runInBand --verbose\"",
      "test:watch": "jest --watchAll --runInBand",
      "migration:create": "node-pg-migrate --migrations-dir infra/migrations create",
      "migration:up": "node-pg-migrate --migrations-dir infra/migrations --envPath .env.development up",
      "migration:down": "node-pg-migrate --migrations-dir infra/migrations --envPath .env.development down",
      "wait-for-postgres": "node infra/scripts/wait-for-postgres.js",
      "prepare": "husky",
      "commit": "cz"
    },
    "author": "Lucas dos Santos Guimarães",
    "license": "MIT",
    "dependencies": {
      "async-retry": "^1.3.3",
      "dotenv": "^16.4.4",
      "dotenv-expand": "^11.0.6",
      "next": "^13.1.6",
      "node-pg-migrate": "^6.2.2",
      "pg": "^8.11.3",
      "react": "^18.2.0",
      "react-dom": "^18.2.0"
    },
    "devDependencies": {
      "@commitlint/cli": "^19.3.0",
      "@commitlint/config-conventional": "^19.2.2",
  <<<<<<< Updated upstream
      "commitizen": "^4.3.0",
  =======
      "@secretlint/secretlint-rule-preset-recommend": "^8.2.4",
  >>>>>>> Stashed changes
      "concurrently": "^8.2.2",
      "cz-conventional-changelog": "^3.3.0",
      "eslint": "8.57.0",
      "eslint-config-next": "14.2.4",
      "eslint-config-prettier": "^9.1.0",
      "eslint-plugin-jest": "^28.6.0",
      "husky": "^9.1.4",
      "jest": "^29.6.2",
  <<<<<<< Updated upstream
      "prettier": "^3.0.2"
    },
    "config": {
      "commitizen": {
        "path": "./node_modules/cz-conventional-changelog"
      }
  =======
      "lint-staged": "^15.2.9",
      "prettier": "^3.0.2",
      "secretlint": "^8.2.4"
  >>>>>>> Stashed changes
    }
  }

yarn manifest: 
  No manifest

Lockfile: 
  No lockfile
